[debug] Created tunnel using local port: '40404'

[debug] SERVER: "localhost:40404"

[debug] Original chart version: ""
[debug] CHART PATH: /home/semple/charts/repo/stable/dai-gpu

NAME:   doltish-wildebeest
REVISION: 1
RELEASED: Wed Mar 21 09:47:08 2018
CHART: dai-gpu-1.0.25
USER-SUPPLIED VALUES:
{}

COMPUTED VALUES:
affinity: {}
image:
  pullPolicy: IfNotPresent
  repository: opsh2oai/dai-centos7-runtime
  tag: 1.0.25
ingress:
  annotations: {}
  enabled: false
  hosts:
  - h2oai.local
  path: /
  tls: []
nodeSelector: {}
replicaCount: 1
resources:
  limits:
    alpha.kubernetes.io/nvidia-gpu: 1
  requests:
    alpha.kubernetes.io/nvidia-gpu: 1
service:
  port: 12345
  type: NodePort
tolerations: []

HOOKS:
MANIFEST:

---
# Source: dai-gpu/templates/service.yaml
apiVersion: v1
kind: Service
metadata:
  name: doltish-wildebeest-dai-gpu
  labels:
    app: dai-gpu
    chart: dai-gpu-1.0.25
    release: doltish-wildebeest
    heritage: Tiller
spec:
  type: NodePort
  ports:
    - port: 12345
      targetPort: http
      protocol: TCP
      name: http
  selector:
    app: dai-gpu
    release: doltish-wildebeest
---
# Source: dai-gpu/templates/deployment.yaml
apiVersion: extensions/v1beta1
kind: Deployment
metadata:
  name: doltish-wildebeest-dai-gpu
  labels:
    app: dai-gpu
    chart: dai-gpu-1.0.25
    release: doltish-wildebeest
    heritage: Tiller
spec:
  replicas: 1
  selector:
    matchLabels:
      app: dai-gpu
      release: doltish-wildebeest
  template:
    metadata:
      labels:
        app: dai-gpu
        release: doltish-wildebeest
    spec:
      containers:
        - name: dai-gpu
          image: "opsh2oai/dai-centos7-runtime:1.0.25"
          imagePullPolicy: IfNotPresent
          ports:
            - name: http
              containerPort: 12345
              protocol: TCP
          livenessProbe:
            httpGet:
              path: /
              port: http
          readinessProbe:
            httpGet:
              path: /
              port: http
          resources:
            limits:
              alpha.kubernetes.io/nvidia-gpu: 1
            requests:
              alpha.kubernetes.io/nvidia-gpu: 1
